#
# There is insufficient memory for the Java Runtime Environment to continue.
# Native memory allocation (mmap) failed to map 367001600 bytes for G1 virtual space
# Possible reasons:
#   The system is out of physical RAM or swap space
#   The process is running with CompressedOops enabled, and the Java Heap may be blocking the growth of the native heap
# Possible solutions:
#   Reduce memory load on the system
#   Increase physical memory or swap space
#   Check if swap backing store is full
#   Decrease Java heap size (-Xmx/-Xms)
#   Decrease number of Java threads
#   Decrease Java thread stack sizes (-Xss)
#   Set larger code cache with -XX:ReservedCodeCacheSize=
#   JVM is running with Zero Based Compressed Oops mode in which the Java heap is
#     placed in the first 32GB address space. The Java Heap base address is the
#     maximum limit for the native heap growth. Please use -XX:HeapBaseMinAddress
#     to set the Java Heap base and to place the Java Heap above 32GB virtual address.
# This output file may be truncated or incomplete.
#
#  Out of Memory Error (os_windows.cpp:3466), pid=13080, tid=4436
#
# JRE version: OpenJDK Runtime Environment (16.0.2+7) (build 16.0.2+7-67)
# Java VM: OpenJDK 64-Bit Server VM (16.0.2+7-67, mixed mode, tiered, compressed oops, compressed class ptrs, g1 gc, windows-amd64)
# No core dump will be written. Minidumps are not enabled by default on client versions of Windows
#

---------------  S U M M A R Y ------------

Command Line: -Dmaven.home=EMBEDDED -Dclassworlds.conf=E:\mesproject\backend\.metadata\.plugins\org.eclipse.m2e.launching\launches\m2conf6647981106812866334.tmp -Dmaven.multiModuleProjectDirectory=C:\Users\Admin\git\ELD\eld_log -Djansi.force=true -Djansi.passthrough=true -Dfile.encoding=Cp1252 -XX:+ShowCodeDetailsInExceptionMessages org.codehaus.plexus.classworlds.launcher.Launcher -B clean install -Dstyle.color=always

Host: Intel(R) Core(TM) i3-8100 CPU @ 3.60GHz, 4 cores, 15G,  Windows 10 , 64 bit Build 19041 (10.0.19041.5915)
Time: Mon Sep  8 18:24:34 2025 India Standard Time elapsed time: 12.322316 seconds (0d 0h 0m 12s)

---------------  T H R E A D  ---------------

Current thread (0x000002bc22c1faa0):  VMThread "VM Thread" [stack: 0x000000e143000000,0x000000e143100000] [id=4436]

Stack: [0x000000e143000000,0x000000e143100000]
Native frames: (J=compiled Java code, j=interpreted, Vv=VM code, C=native code)
V  [jvm.dll+0x6681ca]
V  [jvm.dll+0x7c9e69]
V  [jvm.dll+0x7cb61e]
V  [jvm.dll+0x7cbc73]
V  [jvm.dll+0x242c55]
V  [jvm.dll+0x664f89]
V  [jvm.dll+0x659b75]
V  [jvm.dll+0x2fbfbb]
V  [jvm.dll+0x3031b6]
V  [jvm.dll+0x35299e]
V  [jvm.dll+0x352bcf]
V  [jvm.dll+0x2d3028]
V  [jvm.dll+0x2d0bb5]
V  [jvm.dll+0x2d01ec]
V  [jvm.dll+0x3152d2]
V  [jvm.dll+0x7d00ab]
V  [jvm.dll+0x7d0da4]
V  [jvm.dll+0x7d12a9]
V  [jvm.dll+0x7d1564]
V  [jvm.dll+0x7d1630]
V  [jvm.dll+0x7795aa]
V  [jvm.dll+0x667066]
C  [ucrtbase.dll+0x21bb2]
C  [KERNEL32.DLL+0x17374]
C  [ntdll.dll+0x4cc91]

VM_Operation (0x000000e142afc7d0): G1CollectForAllocation, mode: safepoint, requested by thread 0x000002bc02304f40


---------------  P R O C E S S  ---------------

Threads class SMR info:
_java_thread_list=0x000002bc29764430, length=13, elements={
0x000002bc02304f40, 0x000002bc22361010, 0x000002bc22362580, 0x000002bc22c585b0,
0x000002bc22c5aed0, 0x000002bc22c6d010, 0x000002bc22c6d920, 0x000002bc22c71b10,
0x000002bc22c84ce0, 0x000002bc22cdddf0, 0x000002bc22de9260, 0x000002bc22e0dad0,
0x000002bc252a4b50
}

Java Threads: ( => current thread )
  0x000002bc02304f40 JavaThread "main" [_thread_blocked, id=13436, stack(0x000000e142a00000,0x000000e142b00000)]
  0x000002bc22361010 JavaThread "Reference Handler" daemon [_thread_blocked, id=21328, stack(0x000000e143100000,0x000000e143200000)]
  0x000002bc22362580 JavaThread "Finalizer" daemon [_thread_blocked, id=20808, stack(0x000000e143200000,0x000000e143300000)]
  0x000002bc22c585b0 JavaThread "Signal Dispatcher" daemon [_thread_blocked, id=12808, stack(0x000000e143300000,0x000000e143400000)]
  0x000002bc22c5aed0 JavaThread "Attach Listener" daemon [_thread_blocked, id=13968, stack(0x000000e143400000,0x000000e143500000)]
  0x000002bc22c6d010 JavaThread "Service Thread" daemon [_thread_blocked, id=8268, stack(0x000000e143500000,0x000000e143600000)]
  0x000002bc22c6d920 JavaThread "Monitor Deflation Thread" daemon [_thread_blocked, id=18108, stack(0x000000e143600000,0x000000e143700000)]
  0x000002bc22c71b10 JavaThread "C2 CompilerThread0" daemon [_thread_blocked, id=2232, stack(0x000000e143700000,0x000000e143800000)]
  0x000002bc22c84ce0 JavaThread "C1 CompilerThread0" daemon [_thread_blocked, id=8232, stack(0x000000e143800000,0x000000e143900000)]
  0x000002bc22cdddf0 JavaThread "Sweeper thread" daemon [_thread_blocked, id=14464, stack(0x000000e143900000,0x000000e143a00000)]
  0x000002bc22de9260 JavaThread "Notification Thread" daemon [_thread_blocked, id=8644, stack(0x000000e143a00000,0x000000e143b00000)]
  0x000002bc22e0dad0 JavaThread "Common-Cleaner" daemon [_thread_blocked, id=9220, stack(0x000000e143c00000,0x000000e143d00000)]
  0x000002bc252a4b50 JavaThread "C2 CompilerThread1" daemon [_thread_blocked, id=10476, stack(0x000000e143d00000,0x000000e143e00000)]

Other Threads:
=>0x000002bc22c1faa0 VMThread "VM Thread" [stack: 0x000000e143000000,0x000000e143100000] [id=4436]
  0x000002bc22deb790 WatcherThread [stack: 0x000000e143b00000,0x000000e143c00000] [id=9804]
  0x000002bc02352810 GCTaskThread "GC Thread#0" [stack: 0x000000e142b00000,0x000000e142c00000] [id=12152]
  0x000002bc23820a10 GCTaskThread "GC Thread#1" [stack: 0x000000e143e00000,0x000000e143f00000] [id=6756]
  0x000002bc2380a310 GCTaskThread "GC Thread#2" [stack: 0x000000e143f00000,0x000000e144000000] [id=3524]
  0x000002bc2380a620 GCTaskThread "GC Thread#3" [stack: 0x000000e144000000,0x000000e144100000] [id=19600]
  0x000002bc02364930 ConcurrentGCThread "G1 Main Marker" [stack: 0x000000e142c00000,0x000000e142d00000] [id=12924]
  0x000002bc023652b0 ConcurrentGCThread "G1 Conc#0" [stack: 0x000000e142d00000,0x000000e142e00000] [id=12560]
  0x000002bc023cb6e0 ConcurrentGCThread "G1 Refine#0" [stack: 0x000000e142e00000,0x000000e142f00000] [id=5716]
  0x000002bc238a9390 ConcurrentGCThread "G1 Refine#1" [stack: 0x000000e144100000,0x000000e144200000] [id=21140]
  0x000002bc24d730c0 ConcurrentGCThread "G1 Refine#2" [stack: 0x000000e144200000,0x000000e144300000] [id=4996]
  0x000002bc248ed180 ConcurrentGCThread "G1 Refine#3" [stack: 0x000000e144300000,0x000000e144400000] [id=20848]
  0x000002bc221d34d0 ConcurrentGCThread "G1 Service" [stack: 0x000000e142f00000,0x000000e143000000] [id=1220]

Threads with active compile tasks:
C2 CompilerThread0    12365 8596       4       com.sun.tools.javac.comp.Check::validateAnnotation (310 bytes)
C2 CompilerThread1    12365 8597       4       com.sun.tools.javac.comp.Annotate$AnnotationTypeMetadata::getAnnotationElementsWithDefault (66 bytes)

VM state: at safepoint (normal execution)

VM Mutex/Monitor currently owned by a thread:  ([mutex/lock_event])
[0x000002bc022ff950] Threads_lock - owner thread: 0x000002bc22c1faa0
[0x000002bc022ffb90] Heap_lock - owner thread: 0x000002bc02304f40

Heap address: 0x0000000702c00000, size: 4052 MB, Compressed Oops mode: Zero based, Oop shift amount: 3

CDS disabled.
Compressed class space mapped at: 0x0000000800000000-0x0000000840000000, reserved size: 1073741824
Narrow klass base: 0x0000000800000000, Narrow klass shift: 0, Narrow klass range: 0x40000000

GC Precious Log:
 CPUs: 4 total, 4 available
 Memory: 16207M
 Large Page Support: Disabled
 NUMA Support: Disabled
 Compressed Oops: Enabled (Zero based)
 Heap Region Size: 2M
 Heap Min Capacity: 8M
 Heap Initial Capacity: 254M
 Heap Max Capacity: 4052M
 Pre-touch: Disabled
 Parallel Workers: 4
 Concurrent Workers: 1
 Concurrent Refinement Workers: 4
 Periodic GC: Disabled

Heap:
 garbage-first heap   total 487424K, used 163786K [0x0000000702c00000, 0x0000000800000000)
  region size 2048K, 15 young (30720K), 15 survivors (30720K)
 Metaspace       used 36796K, committed 37120K, reserved 1089536K
  class space    used 3645K, committed 3776K, reserved 1048576K

Heap Regions: E=young(eden), S=young(survivor), O=old, HS=humongous(starts), HC=humongous(continues), CS=collection set, F=free, OA=open archive, CA=closed archive, TAMS=top-at-mark-start (previous, next)
|   0|0x0000000702c00000, 0x0000000702e00000, 0x0000000702e00000|100%| O|  |TAMS 0x0000000702e00000, 0x0000000702c00000| Untracked 
|   1|0x0000000702e00000, 0x0000000703000000, 0x0000000703000000|100%|HS|  |TAMS 0x0000000702e00000, 0x0000000702e00000| Complete 
|   2|0x0000000703000000, 0x0000000703200000, 0x0000000703200000|100%| O|  |TAMS 0x0000000703200000, 0x0000000703000000| Untracked 
|   3|0x0000000703200000, 0x0000000703400000, 0x0000000703400000|100%| O|  |TAMS 0x0000000703400000, 0x0000000703200000| Untracked 
|   4|0x0000000703400000, 0x0000000703600000, 0x0000000703600000|100%| O|  |TAMS 0x0000000703600000, 0x0000000703400000| Untracked 
|   5|0x0000000703600000, 0x0000000703800000, 0x0000000703800000|100%| O|  |TAMS 0x0000000703800000, 0x0000000703600000| Untracked 
|   6|0x0000000703800000, 0x0000000703a00000, 0x0000000703a00000|100%|HS|  |TAMS 0x0000000703800000, 0x0000000703800000| Complete 
|   7|0x0000000703a00000, 0x0000000703c00000, 0x0000000703c00000|100%| O|  |TAMS 0x0000000703c00000, 0x0000000703a00000| Untracked 
|   8|0x0000000703c00000, 0x0000000703e00000, 0x0000000703e00000|100%| O|  |TAMS 0x0000000703e00000, 0x0000000703c00000| Untracked 
|   9|0x0000000703e00000, 0x0000000704000000, 0x0000000704000000|100%| O|  |TAMS 0x0000000704000000, 0x0000000703e00000| Untracked 
|  10|0x0000000704000000, 0x0000000704200000, 0x0000000704200000|100%| O|  |TAMS 0x0000000704200000, 0x0000000704000000| Untracked 
|  11|0x0000000704200000, 0x0000000704400000, 0x0000000704400000|100%| O|  |TAMS 0x0000000704400000, 0x0000000704200000| Untracked 
|  12|0x0000000704400000, 0x0000000704600000, 0x0000000704600000|100%| O|  |TAMS 0x0000000704600000, 0x0000000704400000| Untracked 
|  13|0x0000000704600000, 0x0000000704800000, 0x0000000704800000|100%| O|  |TAMS 0x0000000704800000, 0x0000000704600000| Untracked 
|  14|0x0000000704800000, 0x0000000704a00000, 0x0000000704a00000|100%| O|  |TAMS 0x0000000704a00000, 0x0000000704800000| Untracked 
|  15|0x0000000704a00000, 0x0000000704c00000, 0x0000000704c00000|100%| O|  |TAMS 0x0000000704c00000, 0x0000000704a00000| Untracked 
|  16|0x0000000704c00000, 0x0000000704e00000, 0x0000000704e00000|100%| O|  |TAMS 0x0000000704e00000, 0x0000000704c00000| Untracked 
|  17|0x0000000704e00000, 0x0000000705000000, 0x0000000705000000|100%| O|  |TAMS 0x0000000705000000, 0x0000000704e00000| Untracked 
|  18|0x0000000705000000, 0x0000000705200000, 0x0000000705200000|100%| O|  |TAMS 0x0000000705200000, 0x0000000705000000| Untracked 
|  19|0x0000000705200000, 0x0000000705400000, 0x0000000705400000|100%| O|  |TAMS 0x0000000705400000, 0x0000000705200000| Untracked 
|  20|0x0000000705400000, 0x0000000705600000, 0x0000000705600000|100%| O|  |TAMS 0x0000000705600000, 0x0000000705400000| Untracked 
|  21|0x0000000705600000, 0x0000000705800000, 0x0000000705800000|100%| O|  |TAMS 0x0000000705800000, 0x0000000705600000| Untracked 
|  22|0x0000000705800000, 0x0000000705a00000, 0x0000000705a00000|100%| O|  |TAMS 0x0000000705a00000, 0x0000000705800000| Untracked 
|  23|0x0000000705a00000, 0x0000000705c00000, 0x0000000705c00000|100%| O|  |TAMS 0x0000000705a00000, 0x0000000705a00000| Untracked 
|  24|0x0000000705c00000, 0x0000000705e00000, 0x0000000705e00000|100%| O|  |TAMS 0x0000000705e00000, 0x0000000705c00000| Untracked 
|  25|0x0000000705e00000, 0x0000000706000000, 0x0000000706000000|100%| O|  |TAMS 0x0000000706000000, 0x0000000705e00000| Untracked 
|  26|0x0000000706000000, 0x0000000706200000, 0x0000000706200000|100%| O|  |TAMS 0x0000000706200000, 0x0000000706000000| Untracked 
|  27|0x0000000706200000, 0x0000000706400000, 0x0000000706400000|100%| O|  |TAMS 0x0000000706400000, 0x0000000706200000| Untracked 
|  28|0x0000000706400000, 0x0000000706600000, 0x0000000706600000|100%| O|  |TAMS 0x0000000706600000, 0x0000000706400000| Untracked 
|  29|0x0000000706600000, 0x0000000706800000, 0x0000000706800000|100%|HS|  |TAMS 0x0000000706600000, 0x0000000706600000| Complete 
|  30|0x0000000706800000, 0x0000000706a00000, 0x0000000706a00000|100%|HS|  |TAMS 0x0000000706a00000, 0x0000000706800000| Complete 
|  31|0x0000000706a00000, 0x0000000706c00000, 0x0000000706c00000|100%|HC|  |TAMS 0x0000000706c00000, 0x0000000706a00000| Complete 
|  32|0x0000000706c00000, 0x0000000706e00000, 0x0000000706e00000|100%| O|  |TAMS 0x0000000706e00000, 0x0000000706c00000| Untracked 
|  33|0x0000000706e00000, 0x0000000707000000, 0x0000000707000000|100%| O|  |TAMS 0x0000000707000000, 0x0000000706e00000| Untracked 
|  34|0x0000000707000000, 0x0000000707200000, 0x0000000707200000|100%| O|  |TAMS 0x0000000707200000, 0x0000000707000000| Untracked 
|  35|0x0000000707200000, 0x0000000707400000, 0x0000000707400000|100%| O|  |TAMS 0x0000000707200000, 0x0000000707200000| Untracked 
|  36|0x0000000707400000, 0x0000000707600000, 0x0000000707600000|100%| O|  |TAMS 0x0000000707600000, 0x0000000707400000| Untracked 
|  37|0x0000000707600000, 0x0000000707800000, 0x0000000707800000|100%| O|  |TAMS 0x0000000707600000, 0x0000000707600000| Untracked 
|  38|0x0000000707800000, 0x0000000707a00000, 0x0000000707a00000|100%|HS|  |TAMS 0x0000000707800000, 0x0000000707800000| Complete 
|  39|0x0000000707a00000, 0x0000000707c00000, 0x0000000707c00000|100%|HS|  |TAMS 0x0000000707a00000, 0x0000000707a00000| Complete 
|  40|0x0000000707c00000, 0x0000000707e00000, 0x0000000707e00000|100%| O|  |TAMS 0x0000000707e00000, 0x0000000707c00000| Untracked 
|  41|0x0000000707e00000, 0x0000000708000000, 0x0000000708000000|100%| O|  |TAMS 0x0000000708000000, 0x0000000707e00000| Untracked 
|  42|0x0000000708000000, 0x0000000708200000, 0x0000000708200000|100%| O|  |TAMS 0x0000000708200000, 0x0000000708000000| Untracked 
|  43|0x0000000708200000, 0x0000000708400000, 0x0000000708400000|100%| O|  |TAMS 0x0000000708400000, 0x0000000708200000| Untracked 
|  44|0x0000000708400000, 0x0000000708600000, 0x0000000708600000|100%|HS|  |TAMS 0x0000000708400000, 0x0000000708400000| Complete 
|  45|0x0000000708600000, 0x0000000708800000, 0x0000000708800000|100%|HS|  |TAMS 0x0000000708800000, 0x0000000708600000| Complete 
|  46|0x0000000708800000, 0x0000000708a00000, 0x0000000708a00000|100%|HS|  |TAMS 0x0000000708800000, 0x0000000708800000| Complete 
|  47|0x0000000708a00000, 0x0000000708c00000, 0x0000000708c00000|100%|HS|  |TAMS 0x0000000708a00000, 0x0000000708a00000| Complete 
|  48|0x0000000708c00000, 0x0000000708e00000, 0x0000000708e00000|100%|HS|  |TAMS 0x0000000708c00000, 0x0000000708c00000| Complete 
|  49|0x0000000708e00000, 0x0000000709000000, 0x0000000709000000|100%| O|  |TAMS 0x0000000708e00000, 0x0000000708e00000| Untracked 
|  50|0x0000000709000000, 0x0000000709200000, 0x0000000709200000|100%| O|  |TAMS 0x0000000709000000, 0x0000000709000000| Untracked 
|  51|0x0000000709200000, 0x0000000709400000, 0x0000000709400000|100%| O|  |TAMS 0x0000000709200000, 0x0000000709200000| Untracked 
|  52|0x0000000709400000, 0x0000000709600000, 0x0000000709600000|100%| O|  |TAMS 0x0000000709400000, 0x0000000709400000| Untracked 
|  53|0x0000000709600000, 0x0000000709800000, 0x0000000709800000|100%|HS|  |TAMS 0x0000000709800000, 0x0000000709600000| Complete 
|  54|0x0000000709800000, 0x0000000709a00000, 0x0000000709a00000|100%| O|  |TAMS 0x0000000709a00000, 0x0000000709800000| Untracked 
|  55|0x0000000709a00000, 0x0000000709c00000, 0x0000000709c00000|100%| O|  |TAMS 0x0000000709c00000, 0x0000000709a00000| Untracked 
|  56|0x0000000709c00000, 0x0000000709e00000, 0x0000000709e00000|100%| O|  |TAMS 0x0000000709e00000, 0x0000000709c00000| Untracked 
|  57|0x0000000709e00000, 0x0000000709fcd800, 0x000000070a000000| 90%| O|  |TAMS 0x0000000709fcd800, 0x0000000709e00000| Untracked 
|  58|0x000000070a000000, 0x000000070a200000, 0x000000070a200000|100%|HS|  |TAMS 0x000000070a000000, 0x000000070a000000| Complete 
|  59|0x000000070a200000, 0x000000070a400000, 0x000000070a400000|100%|HS|  |TAMS 0x000000070a200000, 0x000000070a200000| Complete 
|  60|0x000000070a400000, 0x000000070a600000, 0x000000070a600000|100%| O|  |TAMS 0x000000070a400000, 0x000000070a400000| Untracked 
|  61|0x000000070a600000, 0x000000070a800000, 0x000000070a800000|100%| O|  |TAMS 0x000000070a600000, 0x000000070a600000| Untracked 
|  62|0x000000070a800000, 0x000000070aa00000, 0x000000070aa00000|100%| O|  |TAMS 0x000000070a800000, 0x000000070a800000| Untracked 
|  63|0x000000070aa00000, 0x000000070ac00000, 0x000000070ac00000|100%| O|  |TAMS 0x000000070aa00000, 0x000000070aa00000| Untracked 
|  64|0x000000070ac00000, 0x000000070ae00000, 0x000000070ae00000|100%| O|  |TAMS 0x000000070ac00000, 0x000000070ac00000| Untracked 
|  65|0x000000070ae00000, 0x000000070af25200, 0x000000070b000000| 57%| O|  |TAMS 0x000000070ae00000, 0x000000070ae00000| Untracked 
|  66|0x000000070b000000, 0x000000070b000000, 0x000000070b200000|  0%| F|  |TAMS 0x000000070b000000, 0x000000070b000000| Untracked 
|  67|0x000000070b200000, 0x000000070b200000, 0x000000070b400000|  0%| F|  |TAMS 0x000000070b200000, 0x000000070b200000| Untracked 
|  68|0x000000070b400000, 0x000000070b400000, 0x000000070b600000|  0%| F|  |TAMS 0x000000070b400000, 0x000000070b400000| Untracked 
|  69|0x000000070b600000, 0x000000070b600000, 0x000000070b800000|  0%| F|  |TAMS 0x000000070b600000, 0x000000070b600000| Untracked 
|  70|0x000000070b800000, 0x000000070b800000, 0x000000070ba00000|  0%| F|  |TAMS 0x000000070b800000, 0x000000070b800000| Untracked 
|  71|0x000000070ba00000, 0x000000070ba00000, 0x000000070bc00000|  0%| F|  |TAMS 0x000000070ba00000, 0x000000070ba00000| Untracked 
|  72|0x000000070bc00000, 0x000000070bc00000, 0x000000070be00000|  0%| F|  |TAMS 0x000000070bc00000, 0x000000070bc00000| Untracked 
|  73|0x000000070be00000, 0x000000070be00000, 0x000000070c000000|  0%| F|  |TAMS 0x000000070be00000, 0x000000070be00000| Untracked 
|  74|0x000000070c000000, 0x000000070c000000, 0x000000070c200000|  0%| F|  |TAMS 0x000000070c000000, 0x000000070c000000| Untracked 
|  75|0x000000070c200000, 0x000000070c200000, 0x000000070c400000|  0%| F|  |TAMS 0x000000070c200000, 0x000000070c200000| Untracked 
|  76|0x000000070c400000, 0x000000070c400000, 0x000000070c600000|  0%| F|  |TAMS 0x000000070c400000, 0x000000070c400000| Untracked 
|  77|0x000000070c600000, 0x000000070c600000, 0x000000070c800000|  0%| F|  |TAMS 0x000000070c600000, 0x000000070c600000| Untracked 
|  78|0x000000070c800000, 0x000000070c800000, 0x000000070ca00000|  0%| F|  |TAMS 0x000000070c800000, 0x000000070c800000| Untracked 
|  79|0x000000070ca00000, 0x000000070ca00000, 0x000000070cc00000|  0%| F|  |TAMS 0x000000070ca00000, 0x000000070ca00000| Untracked 
|  80|0x000000070cc00000, 0x000000070cc00000, 0x000000070ce00000|  0%| F|  |TAMS 0x000000070cc00000, 0x000000070cc00000| Untracked 
|  81|0x000000070ce00000, 0x000000070ce00000, 0x000000070d000000|  0%| F|  |TAMS 0x000000070ce00000, 0x000000070ce00000| Untracked 
|  82|0x000000070d000000, 0x000000070d000000, 0x000000070d200000|  0%| F|  |TAMS 0x000000070d000000, 0x000000070d000000| Untracked 
|  83|0x000000070d200000, 0x000000070d200000, 0x000000070d400000|  0%| F|  |TAMS 0x000000070d200000, 0x000000070d200000| Untracked 
|  84|0x000000070d400000, 0x000000070d400000, 0x000000070d600000|  0%| F|  |TAMS 0x000000070d400000, 0x000000070d400000| Untracked 
|  85|0x000000070d600000, 0x000000070d700000, 0x000000070d800000| 50%| S|CS|TAMS 0x000000070d600000, 0x000000070d600000| Complete 
|  86|0x000000070d800000, 0x000000070da00000, 0x000000070da00000|100%| S|CS|TAMS 0x000000070d800000, 0x000000070d800000| Complete 
|  87|0x000000070da00000, 0x000000070dc00000, 0x000000070dc00000|100%| S|CS|TAMS 0x000000070da00000, 0x000000070da00000| Complete 
|  88|0x000000070dc00000, 0x000000070de00000, 0x000000070de00000|100%| S|CS|TAMS 0x000000070dc00000, 0x000000070dc00000| Complete 
|  89|0x000000070de00000, 0x000000070e000000, 0x000000070e000000|100%| S|CS|TAMS 0x000000070de00000, 0x000000070de00000| Complete 
|  90|0x000000070e000000, 0x000000070e200000, 0x000000070e200000|100%| S|CS|TAMS 0x000000070e000000, 0x000000070e000000| Complete 
|  91|0x000000070e200000, 0x000000070e400000, 0x000000070e400000|100%| S|CS|TAMS 0x000000070e200000, 0x000000070e200000| Complete 
|  92|0x000000070e400000, 0x000000070e600000, 0x000000070e600000|100%| S|CS|TAMS 0x000000070e400000, 0x000000070e400000| Complete 
|  93|0x000000070e600000, 0x000000070e800000, 0x000000070e800000|100%| S|CS|TAMS 0x000000070e600000, 0x000000070e600000| Complete 
|  94|0x000000070e800000, 0x000000070e800000, 0x000000070ea00000|  0%| F|  |TAMS 0x000000070e800000, 0x000000070e800000| Untracked 
|  95|0x000000070ea00000, 0x000000070ea00000, 0x000000070ec00000|  0%| F|  |TAMS 0x000000070ea00000, 0x000000070ea00000| Untracked 
|  96|0x000000070ec00000, 0x000000070ec00000, 0x000000070ee00000|  0%| F|  |TAMS 0x000000070ec00000, 0x000000070ec00000| Untracked 
|  97|0x000000070ee00000, 0x000000070ee00000, 0x000000070f000000|  0%| F|  |TAMS 0x000000070ee00000, 0x000000070ee00000| Untracked 
|  98|0x000000070f000000, 0x000000070f000000, 0x000000070f200000|  0%| F|  |TAMS 0x000000070f000000, 0x000000070f000000| Untracked 
|  99|0x000000070f200000, 0x000000070f200000, 0x000000070f400000|  0%| F|  |TAMS 0x000000070f200000, 0x000000070f200000| Untracked 
| 100|0x000000070f400000, 0x000000070f400000, 0x000000070f600000|  0%| F|  |TAMS 0x000000070f400000, 0x000000070f400000| Untracked 
| 101|0x000000070f600000, 0x000000070f600000, 0x000000070f800000|  0%| F|  |TAMS 0x000000070f600000, 0x000000070f600000| Untracked 
| 102|0x000000070f800000, 0x000000070f800000, 0x000000070fa00000|  0%| F|  |TAMS 0x000000070f800000, 0x000000070f800000| Untracked 
| 103|0x000000070fa00000, 0x000000070fc00000, 0x000000070fc00000|100%| S|CS|TAMS 0x000000070fa00000, 0x000000070fa00000| Complete 
| 104|0x000000070fc00000, 0x000000070fe00000, 0x000000070fe00000|100%| S|CS|TAMS 0x000000070fc00000, 0x000000070fc00000| Complete 
| 105|0x000000070fe00000, 0x000000070fe00000, 0x0000000710000000|  0%| F|  |TAMS 0x000000070fe00000, 0x000000070fe00000| Untracked 
| 106|0x0000000710000000, 0x0000000710000000, 0x0000000710200000|  0%| F|  |TAMS 0x0000000710000000, 0x0000000710000000| Untracked 
| 107|0x0000000710200000, 0x0000000710400000, 0x0000000710400000|100%| S|CS|TAMS 0x0000000710200000, 0x0000000710200000| Complete 
| 108|0x0000000710400000, 0x0000000710600000, 0x0000000710600000|100%| S|CS|TAMS 0x0000000710400000, 0x0000000710400000| Complete 
| 109|0x0000000710600000, 0x0000000710800000, 0x0000000710800000|100%| S|CS|TAMS 0x0000000710600000, 0x0000000710600000| Complete 
| 110|0x0000000710800000, 0x0000000710a00000, 0x0000000710a00000|100%| S|CS|TAMS 0x0000000710800000, 0x0000000710800000| Complete 
| 111|0x0000000710a00000, 0x0000000710a00000, 0x0000000710c00000|  0%| F|  |TAMS 0x0000000710a00000, 0x0000000710a00000| Untracked 
| 112|0x0000000710c00000, 0x0000000710c00000, 0x0000000710e00000|  0%| F|  |TAMS 0x0000000710c00000, 0x0000000710c00000| Untracked 
| 113|0x0000000710e00000, 0x0000000710e00000, 0x0000000711000000|  0%| F|  |TAMS 0x0000000710e00000, 0x0000000710e00000| Untracked 
| 114|0x0000000711000000, 0x0000000711000000, 0x0000000711200000|  0%| F|  |TAMS 0x0000000711000000, 0x0000000711000000| Untracked 
| 115|0x0000000711200000, 0x0000000711200000, 0x0000000711400000|  0%| F|  |TAMS 0x0000000711200000, 0x0000000711200000| Untracked 
| 116|0x0000000711400000, 0x0000000711400000, 0x0000000711600000|  0%| F|  |TAMS 0x0000000711400000, 0x0000000711400000| Untracked 
| 117|0x0000000711600000, 0x0000000711600000, 0x0000000711800000|  0%| F|  |TAMS 0x0000000711600000, 0x0000000711600000| Untracked 
| 118|0x0000000711800000, 0x0000000711800000, 0x0000000711a00000|  0%| F|  |TAMS 0x0000000711800000, 0x0000000711800000| Untracked 
| 119|0x0000000711a00000, 0x0000000711a00000, 0x0000000711c00000|  0%| F|  |TAMS 0x0000000711a00000, 0x0000000711a00000| Untracked 
| 120|0x0000000711c00000, 0x0000000711c00000, 0x0000000711e00000|  0%| F|  |TAMS 0x0000000711c00000, 0x0000000711c00000| Untracked 
| 121|0x0000000711e00000, 0x0000000711e00000, 0x0000000712000000|  0%| F|  |TAMS 0x0000000711e00000, 0x0000000711e00000| Untracked 
| 122|0x0000000712000000, 0x0000000712000000, 0x0000000712200000|  0%| F|  |TAMS 0x0000000712000000, 0x0000000712000000| Untracked 
| 123|0x0000000712200000, 0x0000000712200000, 0x0000000712400000|  0%| F|  |TAMS 0x0000000712200000, 0x0000000712200000| Untracked 
| 124|0x0000000712400000, 0x0000000712400000, 0x0000000712600000|  0%| F|  |TAMS 0x0000000712400000, 0x0000000712400000| Untracked 
| 125|0x0000000712600000, 0x0000000712600000, 0x0000000712800000|  0%| F|  |TAMS 0x0000000712600000, 0x0000000712600000| Untracked 
| 126|0x0000000712800000, 0x0000000712800000, 0x0000000712a00000|  0%| F|  |TAMS 0x0000000712800000, 0x0000000712800000| Untracked 
| 127|0x0000000712a00000, 0x0000000712a00000, 0x0000000712c00000|  0%| F|  |TAMS 0x0000000712a00000, 0x0000000712a00000| Untracked 
| 128|0x0000000712c00000, 0x0000000712c00000, 0x0000000712e00000|  0%| F|  |TAMS 0x0000000712c00000, 0x0000000712c00000| Untracked 
| 129|0x0000000712e00000, 0x0000000712e00000, 0x0000000713000000|  0%| F|  |TAMS 0x0000000712e00000, 0x0000000712e00000| Untracked 
| 130|0x0000000713000000, 0x0000000713000000, 0x0000000713200000|  0%| F|  |TAMS 0x0000000713000000, 0x0000000713000000| Untracked 
| 131|0x0000000713200000, 0x0000000713200000, 0x0000000713400000|  0%| F|  |TAMS 0x0000000713200000, 0x0000000713200000| Untracked 
| 132|0x0000000713400000, 0x0000000713400000, 0x0000000713600000|  0%| F|  |TAMS 0x0000000713400000, 0x0000000713400000| Untracked 
| 133|0x0000000713600000, 0x0000000713600000, 0x0000000713800000|  0%| F|  |TAMS 0x0000000713600000, 0x0000000713600000| Untracked 
| 134|0x0000000713800000, 0x0000000713800000, 0x0000000713a00000|  0%| F|  |TAMS 0x0000000713800000, 0x0000000713800000| Untracked 
| 135|0x0000000713a00000, 0x0000000713a00000, 0x0000000713c00000|  0%| F|  |TAMS 0x0000000713a00000, 0x0000000713a00000| Untracked 
| 136|0x0000000713c00000, 0x0000000713c00000, 0x0000000713e00000|  0%| F|  |TAMS 0x0000000713c00000, 0x0000000713c00000| Untracked 
| 137|0x0000000713e00000, 0x0000000713e00000, 0x0000000714000000|  0%| F|  |TAMS 0x0000000713e00000, 0x0000000713e00000| Untracked 
| 138|0x0000000714000000, 0x0000000714000000, 0x0000000714200000|  0%| F|  |TAMS 0x0000000714000000, 0x0000000714000000| Untracked 
| 139|0x0000000714200000, 0x0000000714200000, 0x0000000714400000|  0%| F|  |TAMS 0x0000000714200000, 0x0000000714200000| Untracked 
| 140|0x0000000714400000, 0x0000000714400000, 0x0000000714600000|  0%| F|  |TAMS 0x0000000714400000, 0x0000000714400000| Untracked 
| 141|0x0000000714600000, 0x0000000714600000, 0x0000000714800000|  0%| F|  |TAMS 0x0000000714600000, 0x0000000714600000| Untracked 
| 142|0x0000000714800000, 0x0000000714800000, 0x0000000714a00000|  0%| F|  |TAMS 0x0000000714800000, 0x0000000714800000| Untracked 
| 143|0x0000000714a00000, 0x0000000714a00000, 0x0000000714c00000|  0%| F|  |TAMS 0x0000000714a00000, 0x0000000714a00000| Untracked 
| 144|0x0000000714c00000, 0x0000000714c00000, 0x0000000714e00000|  0%| F|  |TAMS 0x0000000714c00000, 0x0000000714c00000| Untracked 
| 145|0x0000000714e00000, 0x0000000714e00000, 0x0000000715000000|  0%| F|  |TAMS 0x0000000714e00000, 0x0000000714e00000| Untracked 
| 146|0x0000000715000000, 0x0000000715000000, 0x0000000715200000|  0%| F|  |TAMS 0x0000000715000000, 0x0000000715000000| Untracked 
| 147|0x0000000715200000, 0x0000000715200000, 0x0000000715400000|  0%| F|  |TAMS 0x0000000715200000, 0x0000000715200000| Untracked 
| 148|0x0000000715400000, 0x0000000715400000, 0x0000000715600000|  0%| F|  |TAMS 0x0000000715400000, 0x0000000715400000| Untracked 
| 149|0x0000000715600000, 0x0000000715600000, 0x0000000715800000|  0%| F|  |TAMS 0x0000000715600000, 0x0000000715600000| Untracked 
| 150|0x0000000715800000, 0x0000000715800000, 0x0000000715a00000|  0%| F|  |TAMS 0x0000000715800000, 0x0000000715800000| Untracked 
| 151|0x0000000715a00000, 0x0000000715a00000, 0x0000000715c00000|  0%| F|  |TAMS 0x0000000715a00000, 0x0000000715a00000| Untracked 
| 152|0x0000000715c00000, 0x0000000715c00000, 0x0000000715e00000|  0%| F|  |TAMS 0x0000000715c00000, 0x0000000715c00000| Untracked 
| 153|0x0000000715e00000, 0x0000000715e00000, 0x0000000716000000|  0%| F|  |TAMS 0x0000000715e00000, 0x0000000715e00000| Untracked 
| 154|0x0000000716000000, 0x0000000716000000, 0x0000000716200000|  0%| F|  |TAMS 0x0000000716000000, 0x0000000716000000| Untracked 
| 155|0x0000000716200000, 0x0000000716200000, 0x0000000716400000|  0%| F|  |TAMS 0x0000000716200000, 0x0000000716200000| Untracked 
| 156|0x0000000716400000, 0x0000000716400000, 0x0000000716600000|  0%| F|  |TAMS 0x0000000716400000, 0x0000000716400000| Untracked 
| 157|0x0000000716600000, 0x0000000716600000, 0x0000000716800000|  0%| F|  |TAMS 0x0000000716600000, 0x0000000716600000| Untracked 
| 158|0x0000000716800000, 0x0000000716800000, 0x0000000716a00000|  0%| F|  |TAMS 0x0000000716800000, 0x0000000716800000| Untracked 
| 159|0x0000000716a00000, 0x0000000716a00000, 0x0000000716c00000|  0%| F|  |TAMS 0x0000000716a00000, 0x0000000716a00000| Untracked 
| 160|0x0000000716c00000, 0x0000000716c00000, 0x0000000716e00000|  0%| F|  |TAMS 0x0000000716c00000, 0x0000000716c00000| Untracked 
| 161|0x0000000716e00000, 0x0000000716e00000, 0x0000000717000000|  0%| F|  |TAMS 0x0000000716e00000, 0x0000000716e00000| Untracked 
| 162|0x0000000717000000, 0x0000000717000000, 0x0000000717200000|  0%| F|  |TAMS 0x0000000717000000, 0x0000000717000000| Untracked 
| 163|0x0000000717200000, 0x0000000717200000, 0x0000000717400000|  0%| F|  |TAMS 0x0000000717200000, 0x0000000717200000| Untracked 
| 164|0x0000000717400000, 0x0000000717400000, 0x0000000717600000|  0%| F|  |TAMS 0x0000000717400000, 0x0000000717400000| Untracked 
| 165|0x0000000717600000, 0x0000000717600000, 0x0000000717800000|  0%| F|  |TAMS 0x0000000717600000, 0x0000000717600000| Untracked 
| 166|0x0000000717800000, 0x0000000717800000, 0x0000000717a00000|  0%| F|  |TAMS 0x0000000717800000, 0x0000000717800000| Untracked 
| 167|0x0000000717a00000, 0x0000000717a00000, 0x0000000717c00000|  0%| F|  |TAMS 0x0000000717a00000, 0x0000000717a00000| Untracked 
| 168|0x0000000717c00000, 0x0000000717c00000, 0x0000000717e00000|  0%| F|  |TAMS 0x0000000717c00000, 0x0000000717c00000| Untracked 
| 169|0x0000000717e00000, 0x0000000717e00000, 0x0000000718000000|  0%| F|  |TAMS 0x0000000717e00000, 0x0000000717e00000| Untracked 
| 170|0x0000000718000000, 0x0000000718000000, 0x0000000718200000|  0%| F|  |TAMS 0x0000000718000000, 0x0000000718000000| Untracked 
| 171|0x0000000718200000, 0x0000000718200000, 0x0000000718400000|  0%| F|  |TAMS 0x0000000718200000, 0x0000000718200000| Untracked 
| 172|0x0000000718400000, 0x0000000718400000, 0x0000000718600000|  0%| F|  |TAMS 0x0000000718400000, 0x0000000718400000| Untracked 
| 173|0x0000000718600000, 0x0000000718600000, 0x0000000718800000|  0%| F|  |TAMS 0x0000000718600000, 0x0000000718600000| Untracked 
| 174|0x0000000718800000, 0x0000000718800000, 0x0000000718a00000|  0%| F|  |TAMS 0x0000000718800000, 0x0000000718800000| Untracked 
| 175|0x0000000718a00000, 0x0000000718a00000, 0x0000000718c00000|  0%| F|  |TAMS 0x0000000718a00000, 0x0000000718a00000| Untracked 
| 176|0x0000000718c00000, 0x0000000718c00000, 0x0000000718e00000|  0%| F|  |TAMS 0x0000000718c00000, 0x0000000718c00000| Untracked 
| 177|0x0000000718e00000, 0x0000000718e00000, 0x0000000719000000|  0%| F|  |TAMS 0x0000000718e00000, 0x0000000718e00000| Untracked 
| 178|0x0000000719000000, 0x0000000719000000, 0x0000000719200000|  0%| F|  |TAMS 0x0000000719000000, 0x0000000719000000| Untracked 
| 179|0x0000000719200000, 0x0000000719200000, 0x0000000719400000|  0%| F|  |TAMS 0x0000000719200000, 0x0000000719200000| Untracked 
| 180|0x0000000719400000, 0x0000000719400000, 0x0000000719600000|  0%| F|  |TAMS 0x0000000719400000, 0x0000000719400000| Untracked 
| 181|0x0000000719600000, 0x0000000719600000, 0x0000000719800000|  0%| F|  |TAMS 0x0000000719600000, 0x0000000719600000| Untracked 
| 182|0x0000000719800000, 0x0000000719800000, 0x0000000719a00000|  0%| F|  |TAMS 0x0000000719800000, 0x0000000719800000| Untracked 
| 183|0x0000000719a00000, 0x0000000719a00000, 0x0000000719c00000|  0%| F|  |TAMS 0x0000000719a00000, 0x0000000719a00000| Untracked 
| 184|0x0000000719c00000, 0x0000000719c00000, 0x0000000719e00000|  0%| F|  |TAMS 0x0000000719c00000, 0x0000000719c00000| Untracked 
| 185|0x0000000719e00000, 0x0000000719e00000, 0x000000071a000000|  0%| F|  |TAMS 0x0000000719e00000, 0x0000000719e00000| Untracked 
| 186|0x000000071a000000, 0x000000071a000000, 0x000000071a200000|  0%| F|  |TAMS 0x000000071a000000, 0x000000071a000000| Untracked 
| 187|0x000000071a200000, 0x000000071a200000, 0x000000071a400000|  0%| F|  |TAMS 0x000000071a200000, 0x000000071a200000| Untracked 
| 188|0x000000071a400000, 0x000000071a400000, 0x000000071a600000|  0%| F|  |TAMS 0x000000071a400000, 0x000000071a400000| Untracked 
| 189|0x000000071a600000, 0x000000071a600000, 0x000000071a800000|  0%| F|  |TAMS 0x000000071a600000, 0x000000071a600000| Untracked 
| 190|0x000000071a800000, 0x000000071a800000, 0x000000071aa00000|  0%| F|  |TAMS 0x000000071a800000, 0x000000071a800000| Untracked 
| 191|0x000000071aa00000, 0x000000071aa00000, 0x000000071ac00000|  0%| F|  |TAMS 0x000000071aa00000, 0x000000071aa00000| Untracked 
| 192|0x000000071ac00000, 0x000000071ac00000, 0x000000071ae00000|  0%| F|  |TAMS 0x000000071ac00000, 0x000000071ac00000| Untracked 
| 193|0x000000071ae00000, 0x000000071ae00000, 0x000000071b000000|  0%| F|  |TAMS 0x000000071ae00000, 0x000000071ae00000| Untracked 
| 194|0x000000071b000000, 0x000000071b000000, 0x000000071b200000|  0%| F|  |TAMS 0x000000071b000000, 0x000000071b000000| Untracked 
| 195|0x000000071b200000, 0x000000071b200000, 0x000000071b400000|  0%| F|  |TAMS 0x000000071b200000, 0x000000071b200000| Untracked 
| 196|0x000000071b400000, 0x000000071b400000, 0x000000071b600000|  0%| F|  |TAMS 0x000000071b400000, 0x000000071b400000| Untracked 
| 197|0x000000071b600000, 0x000000071b600000, 0x000000071b800000|  0%| F|  |TAMS 0x000000071b600000, 0x000000071b600000| Untracked 
| 198|0x000000071b800000, 0x000000071b800000, 0x000000071ba00000|  0%| F|  |TAMS 0x000000071b800000, 0x000000071b800000| Untracked 
| 199|0x000000071ba00000, 0x000000071ba00000, 0x000000071bc00000|  0%| F|  |TAMS 0x000000071ba00000, 0x000000071ba00000| Untracked 
| 200|0x000000071bc00000, 0x000000071bc00000, 0x000000071be00000|  0%| F|  |TAMS 0x000000071bc00000, 0x000000071bc00000| Untracked 
| 201|0x000000071be00000, 0x000000071be00000, 0x000000071c000000|  0%| F|  |TAMS 0x000000071be00000, 0x000000071be00000| Untracked 
| 202|0x000000071c000000, 0x000000071c000000, 0x000000071c200000|  0%| F|  |TAMS 0x000000071c000000, 0x000000071c000000| Untracked 
| 203|0x000000071c200000, 0x000000071c200000, 0x000000071c400000|  0%| F|  |TAMS 0x000000071c200000, 0x000000071c200000| Untracked 
| 204|0x000000071c400000, 0x000000071c400000, 0x000000071c600000|  0%| F|  |TAMS 0x000000071c400000, 0x000000071c400000| Untracked 
| 205|0x000000071c600000, 0x000000071c600000, 0x000000071c800000|  0%| F|  |TAMS 0x000000071c600000, 0x000000071c600000| Untracked 
| 206|0x000000071c800000, 0x000000071c800000, 0x000000071ca00000|  0%| F|  |TAMS 0x000000071c800000, 0x000000071c800000| Untracked 
| 207|0x000000071ca00000, 0x000000071ca00000, 0x000000071cc00000|  0%| F|  |TAMS 0x000000071ca00000, 0x000000071ca00000| Untracked 
| 208|0x000000071cc00000, 0x000000071cc00000, 0x000000071ce00000|  0%| F|  |TAMS 0x000000071cc00000, 0x000000071cc00000| Untracked 
| 209|0x000000071ce00000, 0x000000071ce00000, 0x000000071d000000|  0%| F|  |TAMS 0x000000071ce00000, 0x000000071ce00000| Untracked 
| 210|0x000000071d000000, 0x000000071d000000, 0x000000071d200000|  0%| F|  |TAMS 0x000000071d000000, 0x000000071d000000| Untracked 
| 211|0x000000071d200000, 0x000000071d200000, 0x000000071d400000|  0%| F|  |TAMS 0x000000071d200000, 0x000000071d200000| Untracked 
| 212|0x000000071d400000, 0x000000071d400000, 0x000000071d600000|  0%| F|  |TAMS 0x000000071d400000, 0x000000071d400000| Untracked 
| 213|0x000000071d600000, 0x000000071d600000, 0x000000071d800000|  0%| F|  |TAMS 0x000000071d600000, 0x000000071d600000| Untracked 
| 214|0x000000071d800000, 0x000000071d800000, 0x000000071da00000|  0%| F|  |TAMS 0x000000071d800000, 0x000000071d800000| Untracked 
| 215|0x000000071da00000, 0x000000071da00000, 0x000000071dc00000|  0%| F|  |TAMS 0x000000071da00000, 0x000000071da00000| Untracked 
| 216|0x000000071dc00000, 0x000000071dc00000, 0x000000071de00000|  0%| F|  |TAMS 0x000000071dc00000, 0x000000071dc00000| Untracked 
| 217|0x000000071de00000, 0x000000071de00000, 0x000000071e000000|  0%| F|  |TAMS 0x000000071de00000, 0x000000071de00000| Untracked 
| 218|0x000000071e000000, 0x000000071e000000, 0x000000071e200000|  0%| F|  |TAMS 0x000000071e000000, 0x000000071e000000| Untracked 
| 219|0x000000071e200000, 0x000000071e200000, 0x000000071e400000|  0%| F|  |TAMS 0x000000071e200000, 0x000000071e200000| Untracked 
| 220|0x000000071e400000, 0x000000071e400000, 0x000000071e600000|  0%| F|  |TAMS 0x000000071e400000, 0x000000071e400000| Untracked 
| 221|0x000000071e600000, 0x000000071e600000, 0x000000071e800000|  0%| F|  |TAMS 0x000000071e600000, 0x000000071e600000| Untracked 
| 222|0x000000071e800000, 0x000000071e800000, 0x000000071ea00000|  0%| F|  |TAMS 0x000000071e800000, 0x000000071e800000| Untracked 
| 223|0x000000071ea00000, 0x000000071ea00000, 0x000000071ec00000|  0%| F|  |TAMS 0x000000071ea00000, 0x000000071ea00000| Untracked 
| 224|0x000000071ec00000, 0x000000071ec00000, 0x000000071ee00000|  0%| F|  |TAMS 0x000000071ec00000, 0x000000071ec00000| Untracked 
| 225|0x000000071ee00000, 0x000000071ee00000, 0x000000071f000000|  0%| F|  |TAMS 0x000000071ee00000, 0x000000071ee00000| Untracked 
| 226|0x000000071f000000, 0x000000071f000000, 0x000000071f200000|  0%| F|  |TAMS 0x000000071f000000, 0x000000071f000000| Untracked 
| 227|0x000000071f200000, 0x000000071f200000, 0x000000071f400000|  0%| F|  |TAMS 0x000000071f200000, 0x000000071f200000| Untracked 
| 228|0x000000071f400000, 0x000000071f400000, 0x000000071f600000|  0%| F|  |TAMS 0x000000071f400000, 0x000000071f400000| Untracked 
| 229|0x000000071f600000, 0x000000071f600000, 0x000000071f800000|  0%| F|  |TAMS 0x000000071f600000, 0x000000071f600000| Untracked 
| 230|0x000000071f800000, 0x000000071f800000, 0x000000071fa00000|  0%| F|  |TAMS 0x000000071f800000, 0x000000071f800000| Untracked 
| 231|0x000000071fa00000, 0x000000071fa00000, 0x000000071fc00000|  0%| F|  |TAMS 0x000000071fa00000, 0x000000071fa00000| Untracked 
| 232|0x000000071fc00000, 0x000000071fc00000, 0x000000071fe00000|  0%| F|  |TAMS 0x000000071fc00000, 0x000000071fc00000| Untracked 
| 233|0x000000071fe00000, 0x000000071fe00000, 0x0000000720000000|  0%| F|  |TAMS 0x000000071fe00000, 0x000000071fe00000| Untracked 
| 234|0x0000000720000000, 0x0000000720000000, 0x0000000720200000|  0%| F|  |TAMS 0x0000000720000000, 0x0000000720000000| Untracked 
| 235|0x0000000720200000, 0x0000000720200000, 0x0000000720400000|  0%| F|  |TAMS 0x0000000720200000, 0x0000000720200000| Untracked 
| 236|0x0000000720400000, 0x0000000720400000, 0x0000000720600000|  0%| F|  |TAMS 0x0000000720400000, 0x0000000720400000| Untracked 
| 237|0x0000000720600000, 0x0000000720600000, 0x0000000720800000|  0%| F|  |TAMS 0x0000000720600000, 0x0000000720600000| Untracked 

Card table byte_map: [0x000002bc16e50000,0x000002bc17640000] _byte_map_base: 0x000002bc1363a000

Marking Bits (Prev, Next): (CMBitMap*) 0x000002bc02352e10, (CMBitMap*) 0x000002bc02352e50
 Prev Bits: [0x000002bc17e30000, 0x000002bc1bd80000)
 Next Bits: [0x000002bc1bd80000, 0x000002bc1fcd0000)

Polling page: 0x000002bc020f0000

Metaspace:

Usage:
  Non-class:     32.37 MB used.
      Class:      3.56 MB used.
       Both:     35.93 MB used.

Virtual space:
  Non-class space:       40.00 MB reserved,      32.56 MB ( 81%) committed,  5 nodes.
      Class space:        1.00 GB reserved,       3.69 MB ( <1%) committed,  1 nodes.
              Both:        1.04 GB reserved,      36.25 MB (  3%) committed. 

Chunk freelists:
   Non-Class:  2.53 MB
       Class:  262.00 KB
        Both:  2.79 MB

MaxMetaspaceSize: 17179869184.00 GB
CompressedClassSpaceSize: 1.00 GB
 - commit_granule_bytes: 65536.
 - commit_granule_words: 8192.
 - virtual_space_node_default_size: 1048576.
 - enlarge_chunks_in_place: 1.
 - new_chunks_are_fully_committed: 0.
 - uncommit_free_chunks: 1.
 - use_allocation_guard: 0.
 - handle_deallocations: 1.


Internal statistics:

num_allocs_failed_limit: 6.
num_arena_births: 236.
num_arena_deaths: 0.
num_vsnodes_births: 6.
num_vsnodes_deaths: 0.
num_space_committed: 580.
num_space_uncommitted: 0.
num_chunks_returned_to_freelist: 6.
num_chunks_taken_from_freelist: 1317.
num_chunk_merges: 3.
num_chunk_splits: 885.
num_chunks_enlarged: 644.
num_purges: 0.

CodeHeap 'non-profiled nmethods': size=120000Kb used=5973Kb max_used=5973Kb free=114026Kb
 bounds [0x000002bc0eb00000, 0x000002bc0f0e0000, 0x000002bc16030000]
CodeHeap 'profiled nmethods': size=120000Kb used=14597Kb max_used=15447Kb free=105402Kb
 bounds [0x000002bc075d0000, 0x000002bc084f0000, 0x000002bc0eb00000]
CodeHeap 'non-nmethods': size=5760Kb used=1217Kb max_used=1312Kb free=4542Kb
 bounds [0x000002bc07030000, 0x000002bc072a0000, 0x000002bc075d0000]
 total_blobs=7528 nmethods=7015 adapters=424
 compilation: enabled
              stopped_count=0, restarted_count=0
 full_count=0

Compilation events (20 events):
Event: 12.240 Thread 0x000002bc22c84ce0 8608       3       com.sun.tools.javac.comp.Check::validateAnnotations (40 bytes)
Event: 12.241 Thread 0x000002bc22c84ce0 nmethod 8608 0x000002bc07b02390 code [0x000002bc07b025a0, 0x000002bc07b02dc8]
Event: 12.241 Thread 0x000002bc22c84ce0 8610 %     3       lombok.javac.apt.LombokProcessor::process @ 177 (542 bytes)
Event: 12.241 Thread 0x000002bc252a4b50 nmethod 8537 0x000002bc0f0d1890 code [0x000002bc0f0d1bc0, 0x000002bc0f0d4100]
Event: 12.242 Thread 0x000002bc252a4b50 8597       4       com.sun.tools.javac.comp.Annotate$AnnotationTypeMetadata::getAnnotationElementsWithDefault (66 bytes)
Event: 12.243 Thread 0x000002bc22c84ce0 nmethod 8610% 0x000002bc0833e590 code [0x000002bc0833eb60, 0x000002bc083424d8]
Event: 12.243 Thread 0x000002bc22c84ce0 8611       2       lombok.javac.JavacNode::traverse (774 bytes)
Event: 12.245 Thread 0x000002bc22c84ce0 nmethod 8611 0x000002bc07b81e10 code [0x000002bc07b82360, 0x000002bc07b846a8]
Event: 12.245 Thread 0x000002bc22c84ce0 8612       2       lombok.javac.JavacASTAdapter::visitMethod (1 bytes)
Event: 12.245 Thread 0x000002bc22c84ce0 nmethod 8612 0x000002bc07a6f110 code [0x000002bc07a6f2a0, 0x000002bc07a6f398]
Event: 12.245 Thread 0x000002bc22c84ce0 8613       2       lombok.javac.JavacASTAdapter::endVisitMethod (1 bytes)
Event: 12.245 Thread 0x000002bc22c84ce0 nmethod 8613 0x000002bc07ab2390 code [0x000002bc07ab2520, 0x000002bc07ab2618]
Event: 12.245 Thread 0x000002bc22c84ce0 8614       2       lombok.javac.JavacASTAdapter::visitField (1 bytes)
Event: 12.245 Thread 0x000002bc22c84ce0 nmethod 8614 0x000002bc07c7a310 code [0x000002bc07c7a4a0, 0x000002bc07c7a598]
Event: 12.245 Thread 0x000002bc22c84ce0 8615       2       lombok.javac.JavacASTAdapter::endVisitField (1 bytes)
Event: 12.245 Thread 0x000002bc22c84ce0 nmethod 8615 0x000002bc07ebf190 code [0x000002bc07ebf320, 0x000002bc07ebf418]
Event: 12.247 Thread 0x000002bc22c84ce0 8616       2       lombok.javac.handlers.HandleVal::eq (58 bytes)
Event: 12.247 Thread 0x000002bc22c84ce0 nmethod 8616 0x000002bc081c4a10 code [0x000002bc081c4c40, 0x000002bc081c5048]
Event: 12.250 Thread 0x000002bc22c84ce0 8617   !   2       lombok.javac.handlers.HandleVal::endVisitLocal (967 bytes)
Event: 12.253 Thread 0x000002bc22c84ce0 nmethod 8617 0x000002bc083edf90 code [0x000002bc083ee7a0, 0x000002bc083f14d8]

GC Heap History (20 events):
Event: 8.962 GC heap after
{Heap after GC invocations=25 (full 0):
 garbage-first heap   total 194560K, used 99205K [0x0000000702c00000, 0x0000000800000000)
  region size 2048K, 1 young (2048K), 1 survivors (2048K)
 Metaspace       used 36328K, committed 36608K, reserved 1089536K
  class space    used 3638K, committed 3776K, reserved 1048576K
}
Event: 9.057 GC heap before
{Heap before GC invocations=25 (full 0):
 garbage-first heap   total 194560K, used 152453K [0x0000000702c00000, 0x0000000800000000)
  region size 2048K, 27 young (55296K), 1 survivors (2048K)
 Metaspace       used 36405K, committed 36736K, reserved 1089536K
  class space    used 3639K, committed 3776K, reserved 1048576K
}
Event: 9.061 GC heap after
{Heap after GC invocations=26 (full 0):
 garbage-first heap   total 401408K, used 99965K [0x0000000702c00000, 0x0000000800000000)
  region size 2048K, 1 young (2048K), 1 survivors (2048K)
 Metaspace       used 36405K, committed 36736K, reserved 1089536K
  class space    used 3639K, committed 3776K, reserved 1048576K
}
Event: 9.507 GC heap before
{Heap before GC invocations=27 (full 0):
 garbage-first heap   total 335872K, used 278141K [0x0000000702c00000, 0x0000000800000000)
  region size 2048K, 94 young (192512K), 1 survivors (2048K)
 Metaspace       used 36543K, committed 36800K, reserved 1089536K
  class space    used 3640K, committed 3776K, reserved 1048576K
}
Event: 9.514 GC heap after
{Heap after GC invocations=28 (full 0):
 garbage-first heap   total 335872K, used 90660K [0x0000000702c00000, 0x0000000800000000)
  region size 2048K, 3 young (6144K), 3 survivors (6144K)
 Metaspace       used 36543K, committed 36800K, reserved 1089536K
  class space    used 3640K, committed 3776K, reserved 1048576K
}
Event: 9.742 GC heap before
{Heap before GC invocations=28 (full 0):
 garbage-first heap   total 335872K, used 268836K [0x0000000702c00000, 0x0000000800000000)
  region size 2048K, 90 young (184320K), 3 survivors (6144K)
 Metaspace       used 36582K, committed 36864K, reserved 1089536K
  class space    used 3641K, committed 3776K, reserved 1048576K
}
Event: 9.749 GC heap after
{Heap after GC invocations=29 (full 0):
 garbage-first heap   total 335872K, used 93388K [0x0000000702c00000, 0x0000000800000000)
  region size 2048K, 4 young (8192K), 4 survivors (8192K)
 Metaspace       used 36582K, committed 36864K, reserved 1089536K
  class space    used 3641K, committed 3776K, reserved 1048576K
}
Event: 9.953 GC heap before
{Heap before GC invocations=29 (full 0):
 garbage-first heap   total 335872K, used 275660K [0x0000000702c00000, 0x0000000800000000)
  region size 2048K, 92 young (188416K), 4 survivors (8192K)
 Metaspace       used 36586K, committed 36864K, reserved 1089536K
  class space    used 3642K, committed 3776K, reserved 1048576K
}
Event: 9.970 GC heap after
{Heap after GC invocations=30 (full 0):
 garbage-first heap   total 335872K, used 103698K [0x0000000702c00000, 0x0000000800000000)
  region size 2048K, 7 young (14336K), 7 survivors (14336K)
 Metaspace       used 36586K, committed 36864K, reserved 1089536K
  class space    used 3642K, committed 3776K, reserved 1048576K
}
Event: 10.145 GC heap before
{Heap before GC invocations=30 (full 0):
 garbage-first heap   total 335872K, used 275730K [0x0000000702c00000, 0x0000000800000000)
  region size 2048K, 91 young (186368K), 7 survivors (14336K)
 Metaspace       used 36600K, committed 36864K, reserved 1089536K
  class space    used 3642K, committed 3776K, reserved 1048576K
}
Event: 10.156 GC heap after
{Heap after GC invocations=31 (full 0):
 garbage-first heap   total 335872K, used 107074K [0x0000000702c00000, 0x0000000800000000)
  region size 2048K, 8 young (16384K), 8 survivors (16384K)
 Metaspace       used 36600K, committed 36864K, reserved 1089536K
  class space    used 3642K, committed 3776K, reserved 1048576K
}
Event: 10.295 GC heap before
{Heap before GC invocations=31 (full 0):
 garbage-first heap   total 335872K, used 281154K [0x0000000702c00000, 0x0000000800000000)
  region size 2048K, 92 young (188416K), 8 survivors (16384K)
 Metaspace       used 36607K, committed 36864K, reserved 1089536K
  class space    used 3642K, committed 3776K, reserved 1048576K
}
Event: 10.310 GC heap after
{Heap after GC invocations=32 (full 0):
 garbage-first heap   total 487424K, used 110787K [0x0000000702c00000, 0x0000000800000000)
  region size 2048K, 7 young (14336K), 7 survivors (14336K)
 Metaspace       used 36607K, committed 36864K, reserved 1089536K
  class space    used 3642K, committed 3776K, reserved 1048576K
}
Event: 10.570 GC heap before
{Heap before GC invocations=32 (full 0):
 garbage-first heap   total 487424K, used 387267K [0x0000000702c00000, 0x0000000800000000)
  region size 2048K, 142 young (290816K), 7 survivors (14336K)
 Metaspace       used 36614K, committed 36864K, reserved 1089536K
  class space    used 3642K, committed 3776K, reserved 1048576K
}
Event: 10.588 GC heap after
{Heap after GC invocations=33 (full 0):
 garbage-first heap   total 487424K, used 114805K [0x0000000702c00000, 0x0000000800000000)
  region size 2048K, 9 young (18432K), 9 survivors (18432K)
 Metaspace       used 36614K, committed 36864K, reserved 1089536K
  class space    used 3642K, committed 3776K, reserved 1048576K
}
Event: 10.776 GC heap before
{Heap before GC invocations=33 (full 0):
 garbage-first heap   total 487424K, used 387189K [0x0000000702c00000, 0x0000000800000000)
  region size 2048K, 142 young (290816K), 9 survivors (18432K)
 Metaspace       used 36624K, committed 36928K, reserved 1089536K
  class space    used 3642K, committed 3776K, reserved 1048576K
}
Event: 10.792 GC heap after
{Heap after GC invocations=34 (full 0):
 garbage-first heap   total 487424K, used 118979K [0x0000000702c00000, 0x0000000800000000)
  region size 2048K, 11 young (22528K), 11 survivors (22528K)
 Metaspace       used 36624K, committed 36928K, reserved 1089536K
  class space    used 3642K, committed 3776K, reserved 1048576K
}
Event: 11.210 GC heap before
{Heap before GC invocations=34 (full 0):
 garbage-first heap   total 487424K, used 397507K [0x0000000702c00000, 0x0000000800000000)
  region size 2048K, 142 young (290816K), 11 survivors (22528K)
 Metaspace       used 36680K, committed 36928K, reserved 1089536K
  class space    used 3645K, committed 3776K, reserved 1048576K
}
Event: 11.237 GC heap after
{Heap after GC invocations=35 (full 0):
 garbage-first heap   total 487424K, used 145746K [0x0000000702c00000, 0x0000000800000000)
  region size 2048K, 14 young (28672K), 14 survivors (28672K)
 Metaspace       used 36680K, committed 36928K, reserved 1089536K
  class space    used 3645K, committed 3776K, reserved 1048576K
}
Event: 12.270 GC heap before
{Heap before GC invocations=35 (full 0):
 garbage-first heap   total 487424K, used 409938K [0x0000000702c00000, 0x0000000800000000)
  region size 2048K, 141 young (288768K), 14 survivors (28672K)
 Metaspace       used 36796K, committed 37120K, reserved 1089536K
  class space    used 3645K, committed 3776K, reserved 1048576K
}

Deoptimization events (20 events):
Event: 12.242 Thread 0x000002bc02304f40 Uncommon trap: trap_request=0xffffffc6 fr.pc=0x000002bc0ef3da64 relative=0x0000000000002904
Event: 12.242 Thread 0x000002bc02304f40 Uncommon trap: reason=bimorphic_or_optimized_type_check action=maybe_recompile pc=0x000002bc0ef3da64 method=lombok.javac.JavacNode.traverse(Llombok/javac/JavacASTVisitor;)V @ 73 c2
Event: 12.242 Thread 0x000002bc02304f40 DEOPT PACKING pc=0x000002bc0ef3da64 sp=0x000000e142afcd10
Event: 12.242 Thread 0x000002bc02304f40 DEOPT UNPACKING pc=0x000002bc0707d72e sp=0x000000e142afcd28 mode 2
Event: 12.242 Thread 0x000002bc02304f40 Uncommon trap: trap_request=0xffffffc6 fr.pc=0x000002bc0ef3d98c relative=0x000000000000282c
Event: 12.242 Thread 0x000002bc02304f40 Uncommon trap: reason=bimorphic_or_optimized_type_check action=maybe_recompile pc=0x000002bc0ef3d98c method=lombok.javac.JavacNode.traverse(Llombok/javac/JavacASTVisitor;)V @ 490 c2
Event: 12.242 Thread 0x000002bc02304f40 DEOPT PACKING pc=0x000002bc0ef3d98c sp=0x000000e142afcb50
Event: 12.242 Thread 0x000002bc02304f40 DEOPT UNPACKING pc=0x000002bc0707d72e sp=0x000000e142afcb60 mode 2
Event: 12.242 Thread 0x000002bc02304f40 Uncommon trap: trap_request=0xffffffc6 fr.pc=0x000002bc0ef3d98c relative=0x000000000000282c
Event: 12.243 Thread 0x000002bc02304f40 Uncommon trap: reason=bimorphic_or_optimized_type_check action=maybe_recompile pc=0x000002bc0ef3d98c method=lombok.javac.JavacNode.traverse(Llombok/javac/JavacASTVisitor;)V @ 490 c2
Event: 12.243 Thread 0x000002bc02304f40 DEOPT PACKING pc=0x000002bc0ef3d98c sp=0x000000e142afcb50
Event: 12.243 Thread 0x000002bc02304f40 DEOPT UNPACKING pc=0x000002bc0707d72e sp=0x000000e142afcb60 mode 2
Event: 12.243 Thread 0x000002bc02304f40 Uncommon trap: trap_request=0xffffffc6 fr.pc=0x000002bc0ef3d98c relative=0x000000000000282c
Event: 12.243 Thread 0x000002bc02304f40 Uncommon trap: reason=bimorphic_or_optimized_type_check action=maybe_recompile pc=0x000002bc0ef3d98c method=lombok.javac.JavacNode.traverse(Llombok/javac/JavacASTVisitor;)V @ 490 c2
Event: 12.243 Thread 0x000002bc02304f40 DEOPT PACKING pc=0x000002bc0ef3d98c sp=0x000000e142afcb50
Event: 12.243 Thread 0x000002bc02304f40 DEOPT UNPACKING pc=0x000002bc0707d72e sp=0x000000e142afcb60 mode 2
Event: 12.243 Thread 0x000002bc02304f40 Uncommon trap: trap_request=0xffffffc6 fr.pc=0x000002bc0ef3d374 relative=0x0000000000002214
Event: 12.243 Thread 0x000002bc02304f40 Uncommon trap: reason=bimorphic_or_optimized_type_check action=maybe_recompile pc=0x000002bc0ef3d374 method=lombok.javac.JavacNode.traverse(Llombok/javac/JavacASTVisitor;)V @ 136 c2
Event: 12.243 Thread 0x000002bc02304f40 DEOPT PACKING pc=0x000002bc0ef3d374 sp=0x000000e142afcc30
Event: 12.243 Thread 0x000002bc02304f40 DEOPT UNPACKING pc=0x000002bc0707d72e sp=0x000000e142afcc48 mode 2

Classes unloaded (0 events):
No events

Classes redefined (0 events):
No events

Internal exceptions (20 events):
Event: 7.075 Thread 0x000002bc02304f40 Exception <a 'sun/nio/fs/WindowsException'{0x0000000709eb2150}> (0x0000000709eb2150) 
thrown [t:\workspace\open\src\hotspot\share\prims\jni.cpp, line 579]
Event: 7.075 Thread 0x000002bc02304f40 Exception <a 'sun/nio/fs/WindowsException'{0x0000000709eb2f90}> (0x0000000709eb2f90) 
thrown [t:\workspace\open\src\hotspot\share\prims\jni.cpp, line 579]
Event: 7.075 Thread 0x000002bc02304f40 Exception <a 'sun/nio/fs/WindowsException'{0x0000000709eb31d0}> (0x0000000709eb31d0) 
thrown [t:\workspace\open\src\hotspot\share\prims\jni.cpp, line 579]
Event: 7.075 Thread 0x000002bc02304f40 Exception <a 'sun/nio/fs/WindowsException'{0x0000000709eb4200}> (0x0000000709eb4200) 
thrown [t:\workspace\open\src\hotspot\share\prims\jni.cpp, line 579]
Event: 7.075 Thread 0x000002bc02304f40 Exception <a 'sun/nio/fs/WindowsException'{0x0000000709eb4490}> (0x0000000709eb4490) 
thrown [t:\workspace\open\src\hotspot\share\prims\jni.cpp, line 579]
Event: 7.076 Thread 0x000002bc02304f40 Exception <a 'sun/nio/fs/WindowsException'{0x0000000709eb5370}> (0x0000000709eb5370) 
thrown [t:\workspace\open\src\hotspot\share\prims\jni.cpp, line 579]
Event: 7.076 Thread 0x000002bc02304f40 Exception <a 'sun/nio/fs/WindowsException'{0x0000000709eb5688}> (0x0000000709eb5688) 
thrown [t:\workspace\open\src\hotspot\share\prims\jni.cpp, line 579]
Event: 7.076 Thread 0x000002bc02304f40 Exception <a 'sun/nio/fs/WindowsException'{0x0000000709ebf1d0}> (0x0000000709ebf1d0) 
thrown [t:\workspace\open\src\hotspot\share\prims\jni.cpp, line 579]
Event: 7.076 Thread 0x000002bc02304f40 Exception <a 'sun/nio/fs/WindowsException'{0x0000000709ebf4d0}> (0x0000000709ebf4d0) 
thrown [t:\workspace\open\src\hotspot\share\prims\jni.cpp, line 579]
Event: 7.076 Thread 0x000002bc02304f40 Exception <a 'sun/nio/fs/WindowsException'{0x0000000709ec03d0}> (0x0000000709ec03d0) 
thrown [t:\workspace\open\src\hotspot\share\prims\jni.cpp, line 579]
Event: 7.076 Thread 0x000002bc02304f40 Exception <a 'sun/nio/fs/WindowsException'{0x0000000709ec0688}> (0x0000000709ec0688) 
thrown [t:\workspace\open\src\hotspot\share\prims\jni.cpp, line 579]
Event: 7.076 Thread 0x000002bc02304f40 Exception <a 'sun/nio/fs/WindowsException'{0x0000000709ec1770}> (0x0000000709ec1770) 
thrown [t:\workspace\open\src\hotspot\share\prims\jni.cpp, line 579]
Event: 7.076 Thread 0x000002bc02304f40 Exception <a 'sun/nio/fs/WindowsException'{0x0000000709ec1a70}> (0x0000000709ec1a70) 
thrown [t:\workspace\open\src\hotspot\share\prims\jni.cpp, line 579]
Event: 7.077 Thread 0x000002bc02304f40 Exception <a 'sun/nio/fs/WindowsException'{0x0000000709ec29c0}> (0x0000000709ec29c0) 
thrown [t:\workspace\open\src\hotspot\share\prims\jni.cpp, line 579]
Event: 7.077 Thread 0x000002bc02304f40 Exception <a 'sun/nio/fs/WindowsException'{0x0000000709ec2d48}> (0x0000000709ec2d48) 
thrown [t:\workspace\open\src\hotspot\share\prims\jni.cpp, line 579]
Event: 7.137 Thread 0x000002bc02304f40 Implicit null exception at 0x000002bc0ed717c0 to 0x000002bc0ed71eb8
Event: 7.197 Thread 0x000002bc02304f40 Implicit null exception at 0x000002bc0ebfbf33 to 0x000002bc0ebfc370
Event: 7.214 Thread 0x000002bc02304f40 Implicit null exception at 0x000002bc0ebfb86f to 0x000002bc0ebfba70
Event: 8.716 Thread 0x000002bc02304f40 Implicit null exception at 0x000002bc0ee9f4e7 to 0x000002bc0ee9fe2f
Event: 8.779 Thread 0x000002bc02304f40 Implicit null exception at 0x000002bc0ef75f04 to 0x000002bc0ef7db60

Events (20 events):
Event: 11.146 Executing  VM operation: ICBufferFull done
Event: 11.210 Executing  VM operation: G1CollectForAllocation
Event: 11.238 Executing  VM operation: G1CollectForAllocation done
Event: 11.861 Executing  VM operation: ICBufferFull
Event: 11.861 Executing  VM operation: ICBufferFull done
Event: 12.121 Executing  VM operation: HandshakeAllThreads
Event: 12.126 Executing  VM operation: HandshakeAllThreads done
Event: 12.129 Thread 0x000002bc22cdddf0 flushing nmethod 0x000002bc07899f90
Event: 12.133 Thread 0x000002bc22cdddf0 flushing nmethod 0x000002bc08254510
Event: 12.134 Thread 0x000002bc22cdddf0 flushing nmethod 0x000002bc083dd510
Event: 12.134 Thread 0x000002bc22cdddf0 flushing nmethod 0x000002bc083e9c90
Event: 12.134 Thread 0x000002bc22cdddf0 flushing nmethod 0x000002bc083ebe90
Event: 12.134 Thread 0x000002bc22cdddf0 flushing nmethod 0x000002bc083ed410
Event: 12.134 Thread 0x000002bc22cdddf0 flushing nmethod 0x000002bc08400890
Event: 12.134 Thread 0x000002bc22cdddf0 flushing nmethod 0x000002bc08401090
Event: 12.134 Thread 0x000002bc22cdddf0 flushing nmethod 0x000002bc08427990
Event: 12.134 Thread 0x000002bc22cdddf0 flushing nmethod 0x000002bc0846f390
Event: 12.200 Executing  VM operation: ICBufferFull
Event: 12.200 Executing  VM operation: ICBufferFull done
Event: 12.270 Executing  VM operation: G1CollectForAllocation


Dynamic libraries:
0x00007ff631640000 - 0x00007ff63164e000 	D:\Software\sts-4.12.0.RELEASE\plugins\org.eclipse.justj.openjdk.hotspot.jre.full.win32.x86_64_16.0.2.v20210721-1149\jre\bin\javaw.exe
0x00007ffd3d610000 - 0x00007ffd3d808000 	C:\Windows\SYSTEM32\ntdll.dll
0x00007ffd3c030000 - 0x00007ffd3c0f2000 	C:\Windows\System32\KERNEL32.DLL
0x00007ffd3b280000 - 0x00007ffd3b577000 	C:\Windows\System32\KERNELBASE.dll
0x00007ffd3b100000 - 0x00007ffd3b200000 	C:\Windows\System32\ucrtbase.dll
0x00007ffd368f0000 - 0x00007ffd36908000 	D:\Software\sts-4.12.0.RELEASE\plugins\org.eclipse.justj.openjdk.hotspot.jre.full.win32.x86_64_16.0.2.v20210721-1149\jre\bin\jli.dll
0x00007ffd3bba0000 - 0x00007ffd3bd3d000 	C:\Windows\System32\USER32.dll
0x00007ffd3b030000 - 0x00007ffd3b052000 	C:\Windows\System32\win32u.dll
0x00007ffd3c5f0000 - 0x00007ffd3c61b000 	C:\Windows\System32\GDI32.dll
0x00007ffd3ad20000 - 0x00007ffd3ae39000 	C:\Windows\System32\gdi32full.dll
0x00007ffd3b060000 - 0x00007ffd3b0fd000 	C:\Windows\System32\msvcp_win.dll
0x00007ffd368d0000 - 0x00007ffd368e9000 	D:\Software\sts-4.12.0.RELEASE\plugins\org.eclipse.justj.openjdk.hotspot.jre.full.win32.x86_64_16.0.2.v20210721-1149\jre\bin\VCRUNTIME140.dll
0x00007ffd32c90000 - 0x00007ffd32f2a000 	C:\Windows\WinSxS\amd64_microsoft.windows.common-controls_6595b64144ccf1df_6.0.19041.5915_none_60b4b9d171f9c7c7\COMCTL32.dll
0x00007ffd3c4f0000 - 0x00007ffd3c58e000 	C:\Windows\System32\msvcrt.dll
0x00007ffd3d030000 - 0x00007ffd3d05f000 	C:\Windows\System32\IMM32.DLL
0x00007ffd36400000 - 0x00007ffd3640c000 	D:\Software\sts-4.12.0.RELEASE\plugins\org.eclipse.justj.openjdk.hotspot.jre.full.win32.x86_64_16.0.2.v20210721-1149\jre\bin\vcruntime140_1.dll
0x00007ffd0ce60000 - 0x00007ffd0cef1000 	D:\Software\sts-4.12.0.RELEASE\plugins\org.eclipse.justj.openjdk.hotspot.jre.full.win32.x86_64_16.0.2.v20210721-1149\jre\bin\msvcp140.dll
0x00007ffcaa3c0000 - 0x00007ffcaaf6b000 	D:\Software\sts-4.12.0.RELEASE\plugins\org.eclipse.justj.openjdk.hotspot.jre.full.win32.x86_64_16.0.2.v20210721-1149\jre\bin\server\jvm.dll
0x00007ffd3c770000 - 0x00007ffd3c821000 	C:\Windows\System32\ADVAPI32.dll
0x00007ffd3c6d0000 - 0x00007ffd3c76f000 	C:\Windows\System32\sechost.dll
0x00007ffd3ba70000 - 0x00007ffd3bb96000 	C:\Windows\System32\RPCRT4.dll
0x00007ffd3acf0000 - 0x00007ffd3ad17000 	C:\Windows\System32\bcrypt.dll
0x00007ffd3c020000 - 0x00007ffd3c028000 	C:\Windows\System32\PSAPI.DLL
0x00007ffd299f0000 - 0x00007ffd299f9000 	C:\Windows\SYSTEM32\WSOCK32.dll
0x00007ffd3c3b0000 - 0x00007ffd3c41b000 	C:\Windows\System32\WS2_32.dll
0x00007ffd37690000 - 0x00007ffd3769a000 	C:\Windows\SYSTEM32\VERSION.dll
0x00007ffd2dcc0000 - 0x00007ffd2dce7000 	C:\Windows\SYSTEM32\WINMM.dll
0x00007ffd38b40000 - 0x00007ffd38b52000 	C:\Windows\SYSTEM32\kernel.appcore.dll
0x00007ffd368c0000 - 0x00007ffd368ca000 	D:\Software\sts-4.12.0.RELEASE\plugins\org.eclipse.justj.openjdk.hotspot.jre.full.win32.x86_64_16.0.2.v20210721-1149\jre\bin\jimage.dll
0x00007ffd34d90000 - 0x00007ffd34f91000 	C:\Windows\SYSTEM32\DBGHELP.DLL
0x00007ffd34d50000 - 0x00007ffd34d84000 	C:\Windows\SYSTEM32\dbgcore.DLL
0x00007ffd3afa0000 - 0x00007ffd3b022000 	C:\Windows\System32\bcryptPrimitives.dll
0x00007ffd2ee80000 - 0x00007ffd2eea5000 	D:\Software\sts-4.12.0.RELEASE\plugins\org.eclipse.justj.openjdk.hotspot.jre.full.win32.x86_64_16.0.2.v20210721-1149\jre\bin\java.dll
0x00007ffd2ee60000 - 0x00007ffd2ee78000 	D:\Software\sts-4.12.0.RELEASE\plugins\org.eclipse.justj.openjdk.hotspot.jre.full.win32.x86_64_16.0.2.v20210721-1149\jre\bin\zip.dll
0x00007ffd3c830000 - 0x00007ffd3cf9e000 	C:\Windows\System32\SHELL32.dll
0x00007ffd38d40000 - 0x00007ffd394e4000 	C:\Windows\SYSTEM32\windows.storage.dll
0x00007ffd3b710000 - 0x00007ffd3ba63000 	C:\Windows\System32\combase.dll
0x00007ffd3a600000 - 0x00007ffd3a62b000 	C:\Windows\SYSTEM32\Wldp.dll
0x00007ffd3c420000 - 0x00007ffd3c4ed000 	C:\Windows\System32\OLEAUT32.dll
0x00007ffd3c620000 - 0x00007ffd3c6cd000 	C:\Windows\System32\SHCORE.dll
0x00007ffd3b650000 - 0x00007ffd3b6ab000 	C:\Windows\System32\shlwapi.dll
0x00007ffd3abd0000 - 0x00007ffd3abf4000 	C:\Windows\SYSTEM32\profapi.dll
0x00007ffd2ee40000 - 0x00007ffd2ee59000 	D:\Software\sts-4.12.0.RELEASE\plugins\org.eclipse.justj.openjdk.hotspot.jre.full.win32.x86_64_16.0.2.v20210721-1149\jre\bin\net.dll
0x00007ffd357b0000 - 0x00007ffd358ba000 	C:\Windows\SYSTEM32\WINHTTP.dll
0x00007ffd3a360000 - 0x00007ffd3a3ca000 	C:\Windows\system32\mswsock.dll
0x00007ffd2ee20000 - 0x00007ffd2ee33000 	D:\Software\sts-4.12.0.RELEASE\plugins\org.eclipse.justj.openjdk.hotspot.jre.full.win32.x86_64_16.0.2.v20210721-1149\jre\bin\nio.dll
0x00007ffd368b0000 - 0x00007ffd368c0000 	D:\Software\sts-4.12.0.RELEASE\plugins\org.eclipse.justj.openjdk.hotspot.jre.full.win32.x86_64_16.0.2.v20210721-1149\jre\bin\verify.dll
0x00007ffd3a560000 - 0x00007ffd3a578000 	C:\Windows\SYSTEM32\CRYPTSP.dll
0x00007ffd39c80000 - 0x00007ffd39cb8000 	C:\Windows\system32\rsaenh.dll
0x00007ffd3ab50000 - 0x00007ffd3ab7e000 	C:\Windows\SYSTEM32\USERENV.dll
0x00007ffd3a550000 - 0x00007ffd3a55c000 	C:\Windows\SYSTEM32\CRYPTBASE.dll
0x00007ffd3a040000 - 0x00007ffd3a07b000 	C:\Windows\SYSTEM32\IPHLPAPI.DLL
0x00007ffd3d4e0000 - 0x00007ffd3d4e8000 	C:\Windows\System32\NSI.dll
0x00007ffd35ba0000 - 0x00007ffd35bb7000 	C:\Windows\SYSTEM32\dhcpcsvc6.DLL
0x00007ffd35b80000 - 0x00007ffd35b9d000 	C:\Windows\SYSTEM32\dhcpcsvc.DLL
0x00007ffd3a080000 - 0x00007ffd3a14a000 	C:\Windows\SYSTEM32\DNSAPI.dll
0x00007ffd369a0000 - 0x00007ffd369aa000 	C:\Users\Admin\AppData\Local\Temp\jansi-1.17.1-7929602066112835565.dll

dbghelp: loaded successfully - version: 4.0.5 - missing functions: none
symbol engine: initialized successfully - sym options: 0x614 - pdb path: .;D:\Software\sts-4.12.0.RELEASE\plugins\org.eclipse.justj.openjdk.hotspot.jre.full.win32.x86_64_16.0.2.v20210721-1149\jre\bin;C:\Windows\SYSTEM32;C:\Windows\WinSxS\amd64_microsoft.windows.common-controls_6595b64144ccf1df_6.0.19041.5915_none_60b4b9d171f9c7c7;D:\Software\sts-4.12.0.RELEASE\plugins\org.eclipse.justj.openjdk.hotspot.jre.full.win32.x86_64_16.0.2.v20210721-1149\jre\bin\server;C:\Users\Admin\AppData\Local\Temp

VM Arguments:
jvm_args: -Dmaven.home=EMBEDDED -Dclassworlds.conf=E:\mesproject\backend\.metadata\.plugins\org.eclipse.m2e.launching\launches\m2conf6647981106812866334.tmp -Dmaven.multiModuleProjectDirectory=C:\Users\Admin\git\ELD\eld_log -Djansi.force=true -Djansi.passthrough=true -Dfile.encoding=Cp1252 -XX:+ShowCodeDetailsInExceptionMessages 
java_command: org.codehaus.plexus.classworlds.launcher.Launcher -B clean install -Dstyle.color=always
java_class_path (initial): D:\Software\sts-4.12.0.RELEASE\plugins\org.eclipse.m2e.maven.runtime_1.18.0.20210618-2246\jars\plexus-classworlds-2.6.0.jar
Launcher Type: SUN_STANDARD

[Global flags]
     intx CICompilerCount                          = 3                                         {product} {ergonomic}
     uint ConcGCThreads                            = 1                                         {product} {ergonomic}
     uint G1ConcRefinementThreads                  = 4                                         {product} {ergonomic}
   size_t G1HeapRegionSize                         = 2097152                                   {product} {ergonomic}
    uintx GCDrainStackTargetSize                   = 64                                        {product} {ergonomic}
   size_t InitialHeapSize                          = 266338304                                 {product} {ergonomic}
   size_t MarkStackSize                            = 4194304                                   {product} {ergonomic}
   size_t MaxHeapSize                              = 4248829952                                {product} {ergonomic}
   size_t MaxNewSize                               = 2548039680                                {product} {ergonomic}
   size_t MinHeapDeltaBytes                        = 2097152                                   {product} {ergonomic}
   size_t MinHeapSize                              = 8388608                                   {product} {ergonomic}
    uintx NonNMethodCodeHeapSize                   = 5832780                                {pd product} {ergonomic}
    uintx NonProfiledCodeHeapSize                  = 122912730                              {pd product} {ergonomic}
    uintx ProfiledCodeHeapSize                     = 122912730                              {pd product} {ergonomic}
    uintx ReservedCodeCacheSize                    = 251658240                              {pd product} {ergonomic}
     bool SegmentedCodeCache                       = true                                      {product} {ergonomic}
     bool ShowCodeDetailsInExceptionMessages       = true                                   {manageable} {command line}
   size_t SoftMaxHeapSize                          = 4248829952                             {manageable} {ergonomic}
     bool UseCompressedClassPointers               = true                           {product lp64_product} {ergonomic}
     bool UseCompressedOops                        = true                           {product lp64_product} {ergonomic}
     bool UseG1GC                                  = true                                      {product} {ergonomic}
     bool UseLargePagesIndividualAllocation        = false                                  {pd product} {ergonomic}

Logging:
Log output configuration:
 #0: stdout all=warning uptime,level,tags
 #1: stderr all=off uptime,level,tags

Environment Variables:
JAVA_HOME=C:\Program Files\Java\jdk-17\bin
PATH=D:/Software/sts-4.12.0.RELEASE//plugins/org.eclipse.justj.openjdk.hotspot.jre.full.win32.x86_64_16.0.2.v20210721-1149/jre/bin/server;D:/Software/sts-4.12.0.RELEASE//plugins/org.eclipse.justj.openjdk.hotspot.jre.full.win32.x86_64_16.0.2.v20210721-1149/jre/bin;C:\Program Files\Common Files\Oracle\Java\javapath;C:\Program Files (x86)\Common Files\Oracle\Java\javapath;C:\ProgramData\Oracle\Java\javapath;C:\Program Files (x86)\Embarcadero\Studio\22.0\bin;C:\Users\Public\Documents\Embarcadero\Studio\22.0\Bpl;C:\Program Files (x86)\Embarcadero\Studio\22.0\bin64;C:\Users\Public\Documents\Embarcadero\Studio\22.0\Bpl\Win64;C:\Windows\system32;C:\Windows;C:\Windows\System32\Wbem;C:\Windows\System32\WindowsPowerShell\v1.0\;C:\Windows\System32\OpenSSH\;C:\Program Files\PuTTY\;C:\Program Files (x86)\Windows Kits\10\Windows Performance Toolkit\;C:\Program Files\Java\jdk-14.0.2\bin;C:\Program Files\Java\jdk-17\bin;C:\Program Files\Microsoft SQL Server\150\Tools\Binn\;C:\Program Files\Microsoft SQL Server\Client SDK\ODBC\170\Tools\Binn\;C:\Program Files\dotnet\;C:\Program Files\Git\cmd;C:\Program Files\Microsoft SQL Server\Client SDK\ODBC\110\Tools\Binn\;C:\Program Files (x86)\Microsoft SQL Server\120\Tools\Binn\ManagementStudio\;C:\Program Files (x86)\Microsoft SQL Server\120\Tools\Binn\;C:\Program Files\Microsoft SQL Server\120\Tools\Binn\;C:\Program Files (x86)\Microsoft SQL Server\120\DTS\Binn\;C:\Program Files\Microsoft SQL Server\120\DTS\Binn\;C:\Users\Public\ffmpeg\bin\ffmpeg.exe;C:\Users\Admin\anaconda3\;C:\Users\Admin\anaconda3\Scripts\;C:\Program Files\Tailscale\;C:\Program Files\nodejs\;C:\wamp64\bin\php\php7.4.33;C:\ProgramData\ComposerSetup\bin;C:\Users\Admin\AppData\Local\Programs\Python\Launcher\;C:\Users\Admin\AppData\Local\Microsoft\WindowsApps;C:\Users\Admin\AppData\Local\Programs\Microsoft VS Code\bin;C:\Program Files\Java\jdk-14.0.2\bin;C:\Program Files\Java\jdk-17\bin;C:\Users\Admin\.dotnet\tools;C:\Users\Admin\AppData\Local\GitHubDesktop\bin;C:\Users\Admin\Ap
USERNAME=Admin
OS=Windows_NT
PROCESSOR_IDENTIFIER=Intel64 Family 6 Model 158 Stepping 11, GenuineIntel



---------------  S Y S T E M  ---------------

OS:
 Windows 10 , 64 bit Build 19041 (10.0.19041.5915)
OS uptime: 24 days 22:11 hours

CPU: total 4 (initial active 4) (4 cores per cpu, 1 threads per core) family 6 model 158 stepping 11 microcode 0xb4, cx8, cmov, fxsr, mmx, 3dnowpref, sse, sse2, sse3, ssse3, sse4.1, sse4.2, popcnt, lzcnt, tsc, tscinvbit, avx, avx2, aes, erms, clmul, bmi1, bmi2, adx, fma, vzeroupper, clflush, clflushopt

Memory: 4k page, system-wide physical 16207M (3512M free)
TotalPageFile size 41611M (AvailPageFile size 289M)
current process WorkingSet (physical memory assigned to process): 636M, peak: 641M
current process commit charge ("private bytes"): 667M, peak: 1018M

vm_info: OpenJDK 64-Bit Server VM (16.0.2+7-67) for windows-amd64 JRE (16.0.2+7-67), built on Jun  8 2021 23:21:43 by "mach5one" with MS VC++ 16.7 (VS2019)

END.
