2025-07-01 18:18:18.128  WARN 17488 --- [main] ory$DuplicateJsonObjectContextCustomizer : 

Found multiple occurrences of org.json.JSONObject on the class path:

	jar:file:/C:/Users/Admin/.m2/repository/com/vaadin/external/google/android-json/0.0.20131108.vaadin1/android-json-0.0.20131108.vaadin1.jar!/org/json/JSONObject.class
	jar:file:/C:/Users/Admin/.m2/repository/org/json/json/20180130/json-20180130.jar!/org/json/JSONObject.class

You may wish to exclude one of them to ensure predictable runtime behavior

2025-07-01 18:18:18.154  INFO 17488 --- [main] com.mes.eld_log.eldLogApplicationTests   : Starting eldLogApplicationTests using Java 16.0.2 on DESKTOP-COH2S3K with PID 17488 (started by Admin in C:\Users\Admin\git\ELD\eld_log)
2025-07-01 18:18:18.159  INFO 17488 --- [main] com.mes.eld_log.eldLogApplicationTests   : No active profile set, falling back to default profiles: default
2025-07-01 18:18:18.203 DEBUG 17488 --- [main] o.s.w.c.s.GenericWebApplicationContext   : Refreshing org.springframework.web.context.support.GenericWebApplicationContext@2472c7d8
2025-07-01 18:18:20.020  INFO 17488 --- [main] .s.d.r.c.RepositoryConfigurationDelegate : Multiple Spring Data modules found, entering strict repository configuration mode!
2025-07-01 18:18:20.026  INFO 17488 --- [main] .s.d.r.c.RepositoryConfigurationDelegate : Bootstrapping Spring Data MongoDB repositories in DEFAULT mode.
2025-07-01 18:18:20.388  INFO 17488 --- [main] .s.d.r.c.RepositoryConfigurationDelegate : Finished Spring Data repository scanning in 356 ms. Found 56 MongoDB repository interfaces.
2025-07-01 18:18:20.816  INFO 17488 --- [main] trationDelegate$BeanPostProcessorChecker : Bean 'org.springframework.security.access.expression.method.DefaultMethodSecurityExpressionHandler@474179fa' of type [org.springframework.security.access.expression.method.DefaultMethodSecurityExpressionHandler] is not eligible for getting processed by all BeanPostProcessors (for example: not eligible for auto-proxying)
2025-07-01 18:18:20.835  INFO 17488 --- [main] trationDelegate$BeanPostProcessorChecker : Bean 'methodSecurityMetadataSource' of type [org.springframework.security.access.method.DelegatingMethodSecurityMetadataSource] is not eligible for getting processed by all BeanPostProcessors (for example: not eligible for auto-proxying)
2025-07-01 18:18:21.077  INFO 17488 --- [main] org.mongodb.driver.cluster               : Cluster created with settings {hosts=[localhost:27017], mode=SINGLE, requiredClusterType=UNKNOWN, serverSelectionTimeout='30000 ms'}
2025-07-01 18:18:21.149  INFO 17488 --- [cluster-ClusterId{value='6863d915f56adc2ef213f09a', description='null'}-localhost:27017] org.mongodb.driver.connection            : Opened connection [connectionId{localValue:1, serverValue:59}] to localhost:27017
2025-07-01 18:18:21.149  INFO 17488 --- [cluster-ClusterId{value='6863d915f56adc2ef213f09a', description='null'}-localhost:27017] org.mongodb.driver.cluster               : Monitor thread successfully connected to server with description ServerDescription{address=localhost:27017, type=STANDALONE, state=CONNECTED, ok=true, minWireVersion=0, maxWireVersion=13, maxDocumentSize=16777216, logicalSessionTimeoutMinutes=30, roundTripTimeNanos=20616200}
2025-07-01 18:18:21.155  INFO 17488 --- [cluster-rtt-ClusterId{value='6863d915f56adc2ef213f09a', description='null'}-localhost:27017] org.mongodb.driver.connection            : Opened connection [connectionId{localValue:2, serverValue:58}] to localhost:27017
2025-07-01 18:18:23.150 DEBUG 17488 --- [main] s.w.s.m.m.a.RequestMappingHandlerMapping : 227 mappings in 'requestMappingHandlerMapping'
2025-07-01 18:18:23.157  INFO 17488 --- [main] o.s.b.a.w.s.WelcomePageHandlerMapping    : Adding welcome page template: index
2025-07-01 18:18:23.323 DEBUG 17488 --- [main] o.s.w.s.handler.SimpleUrlHandlerMapping  : Patterns [/webjars/**, /**] in 'resourceHandlerMapping'
2025-07-01 18:18:23.349  INFO 17488 --- [main] o.s.s.web.DefaultSecurityFilterChain     : Will secure any request with [org.springframework.security.web.context.request.async.WebAsyncManagerIntegrationFilter@16cb6f51, org.springframework.security.web.context.SecurityContextPersistenceFilter@409395b9, org.springframework.security.web.header.HeaderWriterFilter@2095c331, org.springframework.web.filter.CorsFilter@3fc5d397, org.springframework.security.web.authentication.logout.LogoutFilter@5c9e3d01, com.mes.eld_log.security.AuthenticationFilter@9f2fe2e, org.springframework.security.web.savedrequest.RequestCacheAwareFilter@4ec27c4c, org.springframework.security.web.servletapi.SecurityContextHolderAwareRequestFilter@2a259f6f, org.springframework.security.web.authentication.AnonymousAuthenticationFilter@25c8c71e, org.springframework.security.web.session.SessionManagementFilter@40ddf339, org.springframework.security.web.access.ExceptionTranslationFilter@7296fe0b, org.springframework.security.web.access.intercept.FilterSecurityInterceptor@7d82ca56]
2025-07-01 18:18:23.581 DEBUG 17488 --- [main] s.w.s.m.m.a.RequestMappingHandlerAdapter : ControllerAdvice beans: 0 @ModelAttribute, 0 @InitBinder, 1 RequestBodyAdvice, 1 ResponseBodyAdvice
2025-07-01 18:18:23.654 DEBUG 17488 --- [main] .m.m.a.ExceptionHandlerExceptionResolver : ControllerAdvice beans: 0 @ExceptionHandler, 1 ResponseBodyAdvice
2025-07-01 18:18:24.011  INFO 17488 --- [main] com.mes.eld_log.eldLogApplicationTests   : Started eldLogApplicationTests in 6.203 seconds (JVM running for 7.237)
2025-07-01 18:18:24.479 DEBUG 17488 --- [SpringApplicationShutdownHook] o.s.w.c.s.GenericWebApplicationContext   : Closing org.springframework.web.context.support.GenericWebApplicationContext@2472c7d8, started on Tue Jul 01 18:18:18 IST 2025
